<?xml version="1.0" encoding="UTF-8"?>
<testng-results ignored="0" total="6" passed="5" failed="1" skipped="0">
  <reporter-output>
  </reporter-output>
  <suite started-at="2023-09-06T21:13:32 IST" name="All Test Suite" finished-at="2023-09-06T21:18:00 IST" duration-ms="267126">
    <groups>
      <group name="Sanity">
        <method signature="AddToCartPageTest.addToCartTest()[pri:0, instance:com.shoplocal.testCases.AddToCartPageTest@3bd40a57]" name="addToCartTest" class="com.shoplocal.testCases.AddToCartPageTest"/>
      </group> <!-- Sanity -->
      <group name="Regression">
        <method signature="AddToCartPageTest.addToCartTest()[pri:0, instance:com.shoplocal.testCases.AddToCartPageTest@3bd40a57]" name="addToCartTest" class="com.shoplocal.testCases.AddToCartPageTest"/>
        <method signature="AddToCartPageTest.clickOnCartIconText()[pri:0, instance:com.shoplocal.testCases.AddToCartPageTest@3bd40a57]" name="clickOnCartIconText" class="com.shoplocal.testCases.AddToCartPageTest"/>
        <method signature="AddToCartPageTest.shipmentSelectionTest()[pri:0, instance:com.shoplocal.testCases.AddToCartPageTest@3bd40a57]" name="shipmentSelectionTest" class="com.shoplocal.testCases.AddToCartPageTest"/>
        <method signature="CartCheckoutPageTest.switchTabAndProductAvailability()[pri:0, instance:com.shoplocal.testCases.CartCheckoutPageTest@79ca92b9]" name="switchTabAndProductAvailability" class="com.shoplocal.testCases.CartCheckoutPageTest"/>
        <method signature="CartCheckoutPageTest.verifyTotalPrice()[pri:0, instance:com.shoplocal.testCases.CartCheckoutPageTest@79ca92b9]" name="verifyTotalPrice" class="com.shoplocal.testCases.CartCheckoutPageTest"/>
        <method signature="EndToEndTest.endToendTest(java.lang.String,java.lang.String,java.lang.String,java.lang.String,java.lang.String,java.lang.String,java.lang.String,java.lang.String)[pri:0, instance:com.shoplocal.testCases.EndToEndTest@4f638935]" name="endToendTest" class="com.shoplocal.testCases.EndToEndTest"/>
      </group> <!-- Regression -->
    </groups>
    <test started-at="2023-09-06T21:13:32 IST" name="Regression" finished-at="2023-09-06T21:18:00 IST" duration-ms="267126">
      <class name="com.shoplocal.testCases.EndToEndTest">
        <test-method is-config="true" signature="setUp(java.lang.String)[pri:0, instance:com.shoplocal.testCases.EndToEndTest@4f638935]" started-at="2023-09-06T21:17:02 IST" name="setUp" finished-at="2023-09-06T21:17:10 IST" duration-ms="7554" status="PASS">
          <params>
            <param index="0">
              <value>
                <![CDATA[Chrome]]>
              </value>
            </param>
          </params>
          <reporter-output>
          </reporter-output>
        </test-method> <!-- setUp -->
        <test-method signature="endToendTest(java.lang.String,java.lang.String,java.lang.String,java.lang.String,java.lang.String,java.lang.String,java.lang.String,java.lang.String)[pri:0, instance:com.shoplocal.testCases.EndToEndTest@4f638935]" started-at="2023-09-06T21:17:10 IST" name="endToendTest" data-provider="AddressData" finished-at="2023-09-06T21:17:59 IST" duration-ms="49125" status="PASS">
          <params>
            <param index="0">
              <value>
                <![CDATA[swathi]]>
              </value>
            </param>
            <param index="1">
              <value>
                <![CDATA[swathipriya@krify.com]]>
              </value>
            </param>
            <param index="2">
              <value>
                <![CDATA[9.705688455E9]]>
              </value>
            </param>
            <param index="3">
              <value>
                <![CDATA[sarpavaram]]>
              </value>
            </param>
            <param index="4">
              <value>
                <![CDATA[kakinada]]>
              </value>
            </param>
            <param index="5">
              <value>
                <![CDATA[Andhra pradesh]]>
              </value>
            </param>
            <param index="6">
              <value>
                <![CDATA[Canada]]>
              </value>
            </param>
            <param index="7">
              <value>
                <![CDATA[533005.0]]>
              </value>
            </param>
          </params>
          <reporter-output>
          </reporter-output>
        </test-method> <!-- endToendTest -->
        <test-method is-config="true" signature="tearDown()[pri:0, instance:com.shoplocal.testCases.EndToEndTest@4f638935]" started-at="2023-09-06T21:17:59 IST" name="tearDown" finished-at="2023-09-06T21:18:00 IST" duration-ms="441" status="PASS">
          <reporter-output>
          </reporter-output>
        </test-method> <!-- tearDown -->
      </class> <!-- com.shoplocal.testCases.EndToEndTest -->
      <class name="com.shoplocal.testCases.CartCheckoutPageTest">
        <test-method is-config="true" signature="setUp(java.lang.String)[pri:0, instance:com.shoplocal.testCases.CartCheckoutPageTest@79ca92b9]" started-at="2023-09-06T21:15:32 IST" name="setUp" finished-at="2023-09-06T21:15:40 IST" duration-ms="7911" status="PASS">
          <params>
            <param index="0">
              <value>
                <![CDATA[Chrome]]>
              </value>
            </param>
          </params>
          <reporter-output>
          </reporter-output>
        </test-method> <!-- setUp -->
        <test-method signature="switchTabAndProductAvailability()[pri:0, instance:com.shoplocal.testCases.CartCheckoutPageTest@79ca92b9]" started-at="2023-09-06T21:15:40 IST" name="switchTabAndProductAvailability" finished-at="2023-09-06T21:16:17 IST" duration-ms="36497" status="PASS">
          <reporter-output>
          </reporter-output>
        </test-method> <!-- switchTabAndProductAvailability -->
        <test-method is-config="true" signature="tearDown()[pri:0, instance:com.shoplocal.testCases.CartCheckoutPageTest@79ca92b9]" started-at="2023-09-06T21:16:17 IST" name="tearDown" finished-at="2023-09-06T21:16:17 IST" duration-ms="635" status="PASS">
          <reporter-output>
          </reporter-output>
        </test-method> <!-- tearDown -->
        <test-method is-config="true" signature="setUp(java.lang.String)[pri:0, instance:com.shoplocal.testCases.CartCheckoutPageTest@79ca92b9]" started-at="2023-09-06T21:16:17 IST" name="setUp" finished-at="2023-09-06T21:16:25 IST" duration-ms="7676" status="PASS">
          <params>
            <param index="0">
              <value>
                <![CDATA[Chrome]]>
              </value>
            </param>
          </params>
          <reporter-output>
          </reporter-output>
        </test-method> <!-- setUp -->
        <test-method signature="verifyTotalPrice()[pri:0, instance:com.shoplocal.testCases.CartCheckoutPageTest@79ca92b9]" started-at="2023-09-06T21:16:25 IST" name="verifyTotalPrice" finished-at="2023-09-06T21:17:01 IST" duration-ms="36084" status="PASS">
          <reporter-output>
          </reporter-output>
        </test-method> <!-- verifyTotalPrice -->
        <test-method is-config="true" signature="tearDown()[pri:0, instance:com.shoplocal.testCases.CartCheckoutPageTest@79ca92b9]" started-at="2023-09-06T21:17:01 IST" name="tearDown" finished-at="2023-09-06T21:17:01 IST" duration-ms="427" status="PASS">
          <reporter-output>
          </reporter-output>
        </test-method> <!-- tearDown -->
      </class> <!-- com.shoplocal.testCases.CartCheckoutPageTest -->
      <class name="com.shoplocal.testCases.AddToCartPageTest">
        <test-method is-config="true" signature="loadConfig()[pri:0, instance:com.shoplocal.testCases.AddToCartPageTest@3bd40a57]" started-at="2023-09-06T21:13:31 IST" name="loadConfig" finished-at="2023-09-06T21:13:32 IST" duration-ms="949" status="PASS">
          <reporter-output>
          </reporter-output>
        </test-method> <!-- loadConfig -->
        <test-method is-config="true" signature="setUp(java.lang.String)[pri:0, instance:com.shoplocal.testCases.AddToCartPageTest@3bd40a57]" started-at="2023-09-06T21:13:32 IST" name="setUp" finished-at="2023-09-06T21:13:45 IST" duration-ms="12067" status="PASS">
          <params>
            <param index="0">
              <value>
                <![CDATA[Chrome]]>
              </value>
            </param>
          </params>
          <reporter-output>
          </reporter-output>
        </test-method> <!-- setUp -->
        <test-method signature="addToCartTest()[pri:0, instance:com.shoplocal.testCases.AddToCartPageTest@3bd40a57]" started-at="2023-09-06T21:13:45 IST" name="addToCartTest" finished-at="2023-09-06T21:14:19 IST" duration-ms="34382" status="PASS">
          <reporter-output>
          </reporter-output>
        </test-method> <!-- addToCartTest -->
        <test-method is-config="true" signature="tearDown()[pri:0, instance:com.shoplocal.testCases.AddToCartPageTest@3bd40a57]" started-at="2023-09-06T21:14:19 IST" name="tearDown" finished-at="2023-09-06T21:14:19 IST" duration-ms="574" status="PASS">
          <reporter-output>
          </reporter-output>
        </test-method> <!-- tearDown -->
        <test-method is-config="true" signature="setUp(java.lang.String)[pri:0, instance:com.shoplocal.testCases.AddToCartPageTest@3bd40a57]" started-at="2023-09-06T21:14:20 IST" name="setUp" finished-at="2023-09-06T21:14:27 IST" duration-ms="7586" status="PASS">
          <params>
            <param index="0">
              <value>
                <![CDATA[Chrome]]>
              </value>
            </param>
          </params>
          <reporter-output>
          </reporter-output>
        </test-method> <!-- setUp -->
        <test-method signature="clickOnCartIconText()[pri:0, instance:com.shoplocal.testCases.AddToCartPageTest@3bd40a57]" started-at="2023-09-06T21:14:27 IST" name="clickOnCartIconText" finished-at="2023-09-06T21:15:04 IST" duration-ms="37331" status="PASS">
          <reporter-output>
          </reporter-output>
        </test-method> <!-- clickOnCartIconText -->
        <test-method is-config="true" signature="tearDown()[pri:0, instance:com.shoplocal.testCases.AddToCartPageTest@3bd40a57]" started-at="2023-09-06T21:15:04 IST" name="tearDown" finished-at="2023-09-06T21:15:05 IST" duration-ms="635" status="PASS">
          <reporter-output>
          </reporter-output>
        </test-method> <!-- tearDown -->
        <test-method is-config="true" signature="setUp(java.lang.String)[pri:0, instance:com.shoplocal.testCases.AddToCartPageTest@3bd40a57]" started-at="2023-09-06T21:15:05 IST" name="setUp" finished-at="2023-09-06T21:15:13 IST" duration-ms="7807" status="PASS">
          <params>
            <param index="0">
              <value>
                <![CDATA[Chrome]]>
              </value>
            </param>
          </params>
          <reporter-output>
          </reporter-output>
        </test-method> <!-- setUp -->
        <test-method signature="shipmentSelectionTest()[pri:0, instance:com.shoplocal.testCases.AddToCartPageTest@3bd40a57]" started-at="2023-09-06T21:15:13 IST" name="shipmentSelectionTest" finished-at="2023-09-06T21:15:32 IST" duration-ms="18749" status="FAIL">
          <exception class="org.openqa.selenium.NoSuchWindowException">
            <message>
              <![CDATA[no such window: target window already closed
from unknown error: web view not found
  (Session info: chrome=116.0.5845.179)
Build info: version: '4.12.0', revision: '249f2a7d1b*'
System info: os.name: 'Windows 10', os.arch: 'amd64', os.version: '10.0', java.version: '19.0.2'
Driver info: org.openqa.selenium.chrome.ChromeDriver
Command: [d42215194e95a8fe1c50fe84d8471c04, findElement {using=class name, value=shrc_btn}]
Capabilities {acceptInsecureCerts: false, browserName: chrome, browserVersion: 116.0.5845.179, chrome: {chromedriverVersion: 116.0.5845.96 (1a3918166880..., userDataDir: C:\Users\user\AppData\Local...}, fedcm:accounts: true, goog:chromeOptions: {debuggerAddress: localhost:64091}, networkConnectionEnabled: false, pageLoadStrategy: normal, platformName: windows, proxy: Proxy(), se:cdp: ws://localhost:64091/devtoo..., se:cdpVersion: 116.0.5845.179, setWindowRect: true, strictFileInteractability: false, timeouts: {implicit: 0, pageLoad: 300000, script: 30000}, unhandledPromptBehavior: dismiss and notify, webauthn:extension:credBlob: true, webauthn:extension:largeBlob: true, webauthn:extension:minPinLength: true, webauthn:extension:prf: true, webauthn:virtualAuthenticators: true}
Session ID: d42215194e95a8fe1c50fe84d8471c04]]>
            </message>
            <full-stacktrace>
              <![CDATA[org.openqa.selenium.NoSuchWindowException: no such window: target window already closed
from unknown error: web view not found
  (Session info: chrome=116.0.5845.179)
Build info: version: '4.12.0', revision: '249f2a7d1b*'
System info: os.name: 'Windows 10', os.arch: 'amd64', os.version: '10.0', java.version: '19.0.2'
Driver info: org.openqa.selenium.chrome.ChromeDriver
Command: [d42215194e95a8fe1c50fe84d8471c04, findElement {using=class name, value=shrc_btn}]
Capabilities {acceptInsecureCerts: false, browserName: chrome, browserVersion: 116.0.5845.179, chrome: {chromedriverVersion: 116.0.5845.96 (1a3918166880..., userDataDir: C:\Users\user\AppData\Local...}, fedcm:accounts: true, goog:chromeOptions: {debuggerAddress: localhost:64091}, networkConnectionEnabled: false, pageLoadStrategy: normal, platformName: windows, proxy: Proxy(), se:cdp: ws://localhost:64091/devtoo..., se:cdpVersion: 116.0.5845.179, setWindowRect: true, strictFileInteractability: false, timeouts: {implicit: 0, pageLoad: 300000, script: 30000}, unhandledPromptBehavior: dismiss and notify, webauthn:extension:credBlob: true, webauthn:extension:largeBlob: true, webauthn:extension:minPinLength: true, webauthn:extension:prf: true, webauthn:virtualAuthenticators: true}
Session ID: d42215194e95a8fe1c50fe84d8471c04
at java.base/jdk.internal.reflect.DirectConstructorHandleAccessor.newInstance(DirectConstructorHandleAccessor.java:67)
at java.base/java.lang.reflect.Constructor.newInstanceWithCaller(Constructor.java:500)
at java.base/java.lang.reflect.Constructor.newInstance(Constructor.java:484)
at org.openqa.selenium.remote.codec.w3c.W3CHttpResponseCodec.createException(W3CHttpResponseCodec.java:200)
at org.openqa.selenium.remote.codec.w3c.W3CHttpResponseCodec.decode(W3CHttpResponseCodec.java:133)
at org.openqa.selenium.remote.codec.w3c.W3CHttpResponseCodec.decode(W3CHttpResponseCodec.java:52)
at org.openqa.selenium.remote.HttpCommandExecutor.execute(HttpCommandExecutor.java:191)
at org.openqa.selenium.remote.service.DriverCommandExecutor.invokeExecute(DriverCommandExecutor.java:196)
at org.openqa.selenium.remote.service.DriverCommandExecutor.execute(DriverCommandExecutor.java:171)
at org.openqa.selenium.remote.RemoteWebDriver.execute(RemoteWebDriver.java:602)
at org.openqa.selenium.remote.ElementLocation$ElementFinder$2.findElement(ElementLocation.java:165)
at org.openqa.selenium.remote.ElementLocation.findElement(ElementLocation.java:66)
at org.openqa.selenium.remote.RemoteWebDriver.findElement(RemoteWebDriver.java:359)
at org.openqa.selenium.remote.RemoteWebDriver.findElement(RemoteWebDriver.java:353)
at org.openqa.selenium.support.pagefactory.DefaultElementLocator.findElement(DefaultElementLocator.java:68)
at org.openqa.selenium.support.pagefactory.internal.LocatingElementHandler.invoke(LocatingElementHandler.java:38)
at jdk.proxy2/jdk.proxy2.$Proxy23.toString(Unknown Source)
at java.base/java.lang.String.valueOf(String.java:4225)
at com.shoplocal.actiondriver.Action.performClick(Action.java:49)
at com.shoplocal.pageObjects.HomePage.searchProduct(HomePage.java:35)
at com.shoplocal.testCases.AddToCartPageTest.shipmentSelectionTest(AddToCartPageTest.java:51)
at java.base/jdk.internal.reflect.DirectMethodHandleAccessor.invoke(DirectMethodHandleAccessor.java:104)
at java.base/java.lang.reflect.Method.invoke(Method.java:578)
at org.testng.internal.invokers.MethodInvocationHelper.invokeMethod(MethodInvocationHelper.java:139)
at org.testng.internal.invokers.TestInvoker.invokeMethod(TestInvoker.java:664)
at org.testng.internal.invokers.TestInvoker.invokeTestMethod(TestInvoker.java:227)
at org.testng.internal.invokers.MethodRunner.runInSequence(MethodRunner.java:50)
at org.testng.internal.invokers.TestInvoker$MethodInvocationAgent.invoke(TestInvoker.java:957)
at org.testng.internal.invokers.TestInvoker.invokeTestMethods(TestInvoker.java:200)
at org.testng.internal.invokers.TestMethodWorker.invokeTestMethods(TestMethodWorker.java:148)
at org.testng.internal.invokers.TestMethodWorker.run(TestMethodWorker.java:128)
at java.base/java.util.ArrayList.forEach(ArrayList.java:1511)
at org.testng.TestRunner.privateRun(TestRunner.java:848)
at org.testng.TestRunner.run(TestRunner.java:621)
at org.testng.SuiteRunner.runTest(SuiteRunner.java:443)
at org.testng.SuiteRunner.runSequentially(SuiteRunner.java:437)
at org.testng.SuiteRunner.privateRun(SuiteRunner.java:397)
at org.testng.SuiteRunner.run(SuiteRunner.java:336)
at org.testng.SuiteRunnerWorker.runSuite(SuiteRunnerWorker.java:52)
at org.testng.SuiteRunnerWorker.run(SuiteRunnerWorker.java:95)
at org.testng.TestNG.runSuitesSequentially(TestNG.java:1280)
at org.testng.TestNG.runSuitesLocally(TestNG.java:1200)
at org.testng.TestNG.runSuites(TestNG.java:1114)
at org.testng.TestNG.run(TestNG.java:1082)
at com.intellij.rt.testng.IDEARemoteTestNG.run(IDEARemoteTestNG.java:66)
at com.intellij.rt.testng.RemoteTestNGStarter.main(RemoteTestNGStarter.java:105)
]]>
            </full-stacktrace>
          </exception> <!-- org.openqa.selenium.NoSuchWindowException -->
          <reporter-output>
          </reporter-output>
        </test-method> <!-- shipmentSelectionTest -->
        <test-method is-config="true" signature="tearDown()[pri:0, instance:com.shoplocal.testCases.AddToCartPageTest@3bd40a57]" started-at="2023-09-06T21:15:32 IST" name="tearDown" finished-at="2023-09-06T21:15:32 IST" duration-ms="457" status="PASS">
          <reporter-output>
          </reporter-output>
        </test-method> <!-- tearDown -->
      </class> <!-- com.shoplocal.testCases.AddToCartPageTest -->
    </test> <!-- Regression -->
  </suite> <!-- All Test Suite -->
</testng-results>
